<!DOCTYPE html PUBLIC "-//W3C//DTD XHTML 1.1//EN" "http://www.w3.org/TR/xhtml11/DTD/xhtml11.dtd">
<html xmlns="http://www.w3.org/1999/xhtml">
<head>
<meta http-equiv="content-type" content="text/html; charset=UTF-8"/>
<title>TestNG Report</title>
<style type="text/css">table {margin-bottom:10px;border-collapse:collapse;empty-cells:show}th,td {border:1px solid #009;padding:.25em .5em}th {vertical-align:bottom}td {vertical-align:top}table a {font-weight:bold}.stripe td {background-color: #E6EBF9}.num {text-align:right}.passedodd td {background-color: #3F3}.passedeven td {background-color: #0A0}.skippedodd td {background-color: #DDD}.skippedeven td {background-color: #CCC}.failedodd td,.attn {background-color: #F33}.failedeven td,.stripe .attn {background-color: #D00}.stacktrace {white-space:pre;font-family:monospace}.totop {font-size:85%;text-align:center;border-bottom:2px solid #000}.invisible {display:none}</style>
</head>
<body>
<table>
<tr><th>Test</th><th># Passed</th><th># Skipped</th><th># Failed</th><th>Time (ms)</th><th>Included Groups</th><th>Excluded Groups</th></tr>
<tr><th colspan="7">BDD Test Suite</th></tr>
<tr><td><a href="#t0">Login and Update Profile Test</a></td><td class="num">0</td><td class="num">0</td><td class="num attn">5</td><td class="num">10.218</td><td></td><td></td></tr>
</table>
<table id='summary'><thead><tr><th>Class</th><th>Method</th><th>Start</th><th>Time (ms)</th></tr></thead><tbody><tr><th colspan="4">BDD Test Suite</th></tr></tbody><tbody id="t0"><tr><th colspan="4">Login and Update Profile Test &#8212; failed</th></tr><tr class="failedeven"><td rowspan="5">com.crowdar.bdd.cukes.TestNGSecuencialRunner</td><td><a href="#m0">runScenario</a></td><td rowspan="5">1699584149292</td><td rowspan="5">3396</td></tr><tr class="failedeven"><td><a href="#m1">runScenario</a></td></tr><tr class="failedeven"><td><a href="#m2">runScenario</a></td></tr><tr class="failedeven"><td><a href="#m3">runScenario</a></td></tr><tr class="failedeven"><td><a href="#m4">runScenario</a></td></tr></tbody>
</table>
<h2>Login and Update Profile Test</h2><h3 id="m0">com.crowdar.bdd.cukes.TestNGSecuencialRunner#runScenario</h3><table class="result"><tr class="param"><th>Parameter #1</th><th>Parameter #2</th></tr><tr class="param stripe"><td>&quot;Obtener los workspace&quot;</td><td>&quot;clockify&quot;</td></tr><tr><th colspan="2">Exception</th></tr><tr><td colspan="2"><div class="stacktrace">java.lang.AssertionError: The status code are not equals, expected [200] and found [401]
	at io.lippia.api.lowcode.Engine.validates(Engine.java:97)
	at io.lippia.api.lowcode.steps.StepsInCommon.status(StepsInCommon.java:96)
	at ✽.the status code should be 200(file:src/test/resources/features/Clockifyn&apos;t401.feature:14)
... Removed 1 stack frames</div></td></tr></table><p class="totop"><a href="#summary">back to summary</a></p>
<h3 id="m1">com.crowdar.bdd.cukes.TestNGSecuencialRunner#runScenario</h3><table class="result"><tr class="param"><th>Parameter #1</th><th>Parameter #2</th></tr><tr class="param stripe"><td>&quot;Cambiar el estado de membership de un proyecto&quot;</td><td>&quot;clockify&quot;</td></tr><tr><th colspan="2">Exception</th></tr><tr><td colspan="2"><div class="stacktrace">com.jayway.jsonpath.PathNotFoundException: No results for path: $[0][&apos;id&apos;]
</div></td></tr></table><p class="totop"><a href="#summary">back to summary</a></p>
<h3 id="m2">com.crowdar.bdd.cukes.TestNGSecuencialRunner#runScenario</h3><table class="result"><tr class="param"><th>Parameter #1</th><th>Parameter #2</th></tr><tr class="param stripe"><td>&quot;Obtener todos los proyectos de un Workspace&quot;</td><td>&quot;clockify&quot;</td></tr><tr><th colspan="2">Exception</th></tr><tr><td colspan="2"><div class="stacktrace">java.lang.AssertionError: The status code are not equals, expected [200] and found [401]
	at io.lippia.api.lowcode.Engine.validates(Engine.java:97)
	at io.lippia.api.lowcode.steps.StepsInCommon.status(StepsInCommon.java:96)
	at ✽.the status code should be 200(file:src/test/resources/features/Clockifyn&apos;t401.feature:33)
... Removed 1 stack frames</div></td></tr></table><p class="totop"><a href="#summary">back to summary</a></p>
<h3 id="m3">com.crowdar.bdd.cukes.TestNGSecuencialRunner#runScenario</h3><table class="result"><tr class="param"><th>Parameter #1</th><th>Parameter #2</th></tr><tr class="param stripe"><td>&quot;Crear un nuevo proyecto&quot;</td><td>&quot;clockify&quot;</td></tr><tr><th colspan="2">Exception</th></tr><tr><td colspan="2"><div class="stacktrace">java.lang.AssertionError: The status code are not equals, expected [201] and found [401]
	at io.lippia.api.lowcode.Engine.validates(Engine.java:97)
	at io.lippia.api.lowcode.steps.StepsInCommon.status(StepsInCommon.java:96)
	at ✽.the status code should be 201(file:src/test/resources/features/Clockifyn&apos;t401.feature:25)
... Removed 1 stack frames</div></td></tr></table><p class="totop"><a href="#summary">back to summary</a></p>
<h3 id="m4">com.crowdar.bdd.cukes.TestNGSecuencialRunner#runScenario</h3><table class="result"><tr class="param"><th>Parameter #1</th><th>Parameter #2</th></tr><tr class="param stripe"><td>&quot;Encontrar un proyecto por su ID en un Workspace determinado&quot;</td><td>&quot;clockify&quot;</td></tr><tr><th colspan="2">Exception</th></tr><tr><td colspan="2"><div class="stacktrace">com.jayway.jsonpath.PathNotFoundException: No results for path: $[0][&apos;id&apos;]
</div></td></tr></table><p class="totop"><a href="#summary">back to summary</a></p>
</body>
</html>
