<?xml version="1.0" encoding="UTF-8"?>
<!-- Generated by org.testng.reporters.JUnitXMLReporter -->
<testsuite ignored="0" hostname="DESKTOP-QK2FL40" failures="5" tests="5" name="Login and Update Profile Test" time="10.218" errors="0" timestamp="10 nov. 2023 02:42:39 GMT">
  <testcase classname="cucumber.api.testng.AbstractTestNGCucumberTests" name="runScenario" time="3.396">
    <failure type="java.lang.AssertionError" message="The status code are not equals, expected [200] and found [401]">
      <![CDATA[java.lang.AssertionError: The status code are not equals, expected [200] and found [401]
at io.lippia.api.lowcode.Engine.validates(Engine.java:97)
at io.lippia.api.lowcode.steps.StepsInCommon.status(StepsInCommon.java:96)
at ✽.the status code should be 200(file:src/test/resources/features/Clockifyn't401.feature:14)
... Removed 1 stack frames]]>
    </failure>
  </testcase> <!-- runScenario -->
  <testcase classname="cucumber.api.testng.AbstractTestNGCucumberTests" name="runScenario" time="1.562">
    <failure type="java.lang.AssertionError" message="The status code are not equals, expected [201] and found [401]">
      <![CDATA[java.lang.AssertionError: The status code are not equals, expected [201] and found [401]
at io.lippia.api.lowcode.Engine.validates(Engine.java:97)
at io.lippia.api.lowcode.steps.StepsInCommon.status(StepsInCommon.java:96)
at ✽.the status code should be 201(file:src/test/resources/features/Clockifyn't401.feature:25)
... Removed 1 stack frames]]>
    </failure>
  </testcase> <!-- runScenario -->
  <testcase classname="cucumber.api.testng.AbstractTestNGCucumberTests" name="runScenario" time="0.986">
    <failure type="java.lang.AssertionError" message="The status code are not equals, expected [200] and found [401]">
      <![CDATA[java.lang.AssertionError: The status code are not equals, expected [200] and found [401]
at io.lippia.api.lowcode.Engine.validates(Engine.java:97)
at io.lippia.api.lowcode.steps.StepsInCommon.status(StepsInCommon.java:96)
at ✽.the status code should be 200(file:src/test/resources/features/Clockifyn't401.feature:33)
... Removed 1 stack frames]]>
    </failure>
  </testcase> <!-- runScenario -->
  <testcase classname="cucumber.api.testng.AbstractTestNGCucumberTests" name="runScenario" time="2.514">
    <failure type="com.jayway.jsonpath.PathNotFoundException" message="No results for path: $[0][&amp;apos;id&amp;apos;]">
      <![CDATA[com.jayway.jsonpath.PathNotFoundException: No results for path: $[0]['id']
]]>
    </failure>
  </testcase> <!-- runScenario -->
  <testcase classname="cucumber.api.testng.AbstractTestNGCucumberTests" name="runScenario" time="1.524">
    <failure type="com.jayway.jsonpath.PathNotFoundException" message="No results for path: $[0][&amp;apos;id&amp;apos;]">
      <![CDATA[com.jayway.jsonpath.PathNotFoundException: No results for path: $[0]['id']
]]>
    </failure>
  </testcase> <!-- runScenario -->
</testsuite> <!-- Login and Update Profile Test -->
