<html>
<head>
<title>TestNG:  Login and Update Profile Test</title>
<link href="../testng.css" rel="stylesheet" type="text/css" />
<link href="../my-testng.css" rel="stylesheet" type="text/css" />

<style type="text/css">
.log { display: none;} 
.stack-trace { display: none;} 
</style>
<script type="text/javascript">
<!--
function flip(e) {
  current = e.style.display;
  if (current == 'block') {
    e.style.display = 'none';
    return 0;
  }
  else {
    e.style.display = 'block';
    return 1;
  }
}

function toggleBox(szDivId, elem, msg1, msg2)
{
  var res = -1;  if (document.getElementById) {
    res = flip(document.getElementById(szDivId));
  }
  else if (document.all) {
    // this is the way old msie versions work
    res = flip(document.all[szDivId]);
  }
  if(elem) {
    if(res == 0) elem.innerHTML = msg1; else elem.innerHTML = msg2;
  }

}

function toggleAllBoxes() {
  if (document.getElementsByTagName) {
    d = document.getElementsByTagName('div');
    for (i = 0; i < d.length; i++) {
      if (d[i].className == 'log') {
        flip(d[i]);
      }
    }
  }
}

// -->
</script>

</head>
<body>
<h2 align='center'>Login and Update Profile Test</h2><table border='1' align="center">
<tr>
<td>Tests passed/Failed/Skipped:</td><td>0/5/0</td>
</tr><tr>
<td>Started on:</td><td>Thu Nov 09 23:42:29 ART 2023</td>
</tr>
<tr><td>Total time:</td><td>10 seconds (10218 ms)</td>
</tr><tr>
<td>Included groups:</td><td></td>
</tr><tr>
<td>Excluded groups:</td><td></td>
</tr>
</table><p/>
<small><i>(Hover the method name to see the test class name)</i></small><p/>
<table width='100%' border='1' class='invocation-failed'>
<tr><td colspan='4' align='center'><b>FAILED TESTS</b></td></tr>
<tr><td><b>Test method</b></td>
<td width="30%"><b>Exception</b></td>
<td width="10%"><b>Time (seconds)</b></td>
<td><b>Instance</b></td>
</tr>
<tr>
<td title='com.crowdar.bdd.cukes.TestNGSecuencialRunner.runScenario()'><b>runScenario</b><br>Test class: com.crowdar.bdd.cukes.TestNGSecuencialRunner<br>Test method: Runs Cucumber Scenarios<br>Parameters: "Obtener los workspace", "clockify"</td>
<td><div><pre>java.lang.AssertionError: The status code are not equals, expected [200] and found [401]
	at io.lippia.api.lowcode.Engine.validates(Engine.java:97)
	at io.lippia.api.lowcode.steps.StepsInCommon.status(StepsInCommon.java:96)
	at ?.the status code should be 200(file:src/test/resources/features/Clockifyn&apos;t401.feature:14)
... Removed 1 stack frames</pre></div><a href='#' onClick='toggleBox("stack-trace1647807876", this, "Click to show all stack frames", "Click to hide stack frames")'>Click to show all stack frames</a>
<div class='stack-trace' id='stack-trace1647807876'><pre>java.lang.AssertionError: The status code are not equals, expected [200] and found [401]
	at org.testng.Assert.fail(Assert.java:96)
	at io.lippia.api.lowcode.Engine.validates(Engine.java:97)
	at io.lippia.api.lowcode.steps.StepsInCommon.status(StepsInCommon.java:96)
	at ?.the status code should be 200(file:src/test/resources/features/Clockifyn&apos;t401.feature:14)
</pre></div></td>
<td>3</td>
<td>com.crowdar.bdd.cukes.TestNGSecuencialRunner@27ce24aa</td></tr>
<tr>
<td title='com.crowdar.bdd.cukes.TestNGSecuencialRunner.runScenario()'><b>runScenario</b><br>Test class: com.crowdar.bdd.cukes.TestNGSecuencialRunner<br>Test method: Runs Cucumber Scenarios<br>Parameters: "Crear un nuevo proyecto", "clockify"</td>
<td><div><pre>java.lang.AssertionError: The status code are not equals, expected [201] and found [401]
	at io.lippia.api.lowcode.Engine.validates(Engine.java:97)
	at io.lippia.api.lowcode.steps.StepsInCommon.status(StepsInCommon.java:96)
	at ?.the status code should be 201(file:src/test/resources/features/Clockifyn&apos;t401.feature:25)
... Removed 1 stack frames</pre></div><a href='#' onClick='toggleBox("stack-trace908482844", this, "Click to show all stack frames", "Click to hide stack frames")'>Click to show all stack frames</a>
<div class='stack-trace' id='stack-trace908482844'><pre>java.lang.AssertionError: The status code are not equals, expected [201] and found [401]
	at org.testng.Assert.fail(Assert.java:96)
	at io.lippia.api.lowcode.Engine.validates(Engine.java:97)
	at io.lippia.api.lowcode.steps.StepsInCommon.status(StepsInCommon.java:96)
	at ?.the status code should be 201(file:src/test/resources/features/Clockifyn&apos;t401.feature:25)
</pre></div></td>
<td>1</td>
<td>com.crowdar.bdd.cukes.TestNGSecuencialRunner@27ce24aa</td></tr>
<tr>
<td title='com.crowdar.bdd.cukes.TestNGSecuencialRunner.runScenario()'><b>runScenario</b><br>Test class: com.crowdar.bdd.cukes.TestNGSecuencialRunner<br>Test method: Runs Cucumber Scenarios<br>Parameters: "Obtener todos los proyectos de un Workspace", "clockify"</td>
<td><div><pre>java.lang.AssertionError: The status code are not equals, expected [200] and found [401]
	at io.lippia.api.lowcode.Engine.validates(Engine.java:97)
	at io.lippia.api.lowcode.steps.StepsInCommon.status(StepsInCommon.java:96)
	at ?.the status code should be 200(file:src/test/resources/features/Clockifyn&apos;t401.feature:33)
... Removed 1 stack frames</pre></div><a href='#' onClick='toggleBox("stack-trace318492802", this, "Click to show all stack frames", "Click to hide stack frames")'>Click to show all stack frames</a>
<div class='stack-trace' id='stack-trace318492802'><pre>java.lang.AssertionError: The status code are not equals, expected [200] and found [401]
	at org.testng.Assert.fail(Assert.java:96)
	at io.lippia.api.lowcode.Engine.validates(Engine.java:97)
	at io.lippia.api.lowcode.steps.StepsInCommon.status(StepsInCommon.java:96)
	at ?.the status code should be 200(file:src/test/resources/features/Clockifyn&apos;t401.feature:33)
</pre></div></td>
<td>0</td>
<td>com.crowdar.bdd.cukes.TestNGSecuencialRunner@27ce24aa</td></tr>
<tr>
<td title='com.crowdar.bdd.cukes.TestNGSecuencialRunner.runScenario()'><b>runScenario</b><br>Test class: com.crowdar.bdd.cukes.TestNGSecuencialRunner<br>Test method: Runs Cucumber Scenarios<br>Parameters: "Encontrar un proyecto por su ID en un Workspace determinado", "clockify"</td>
<td><div><pre>com.jayway.jsonpath.PathNotFoundException: No results for path: $[0][&apos;id&apos;]
</pre></div><a href='#' onClick='toggleBox("stack-trace832379618", this, "Click to show all stack frames", "Click to hide stack frames")'>Click to show all stack frames</a>
<div class='stack-trace' id='stack-trace832379618'><pre>com.jayway.jsonpath.PathNotFoundException: No results for path: $[0][&apos;id&apos;]
</pre></div></td>
<td>2</td>
<td>com.crowdar.bdd.cukes.TestNGSecuencialRunner@27ce24aa</td></tr>
<tr>
<td title='com.crowdar.bdd.cukes.TestNGSecuencialRunner.runScenario()'><b>runScenario</b><br>Test class: com.crowdar.bdd.cukes.TestNGSecuencialRunner<br>Test method: Runs Cucumber Scenarios<br>Parameters: "Cambiar el estado de membership de un proyecto", "clockify"</td>
<td><div><pre>com.jayway.jsonpath.PathNotFoundException: No results for path: $[0][&apos;id&apos;]
</pre></div><a href='#' onClick='toggleBox("stack-trace510686359", this, "Click to show all stack frames", "Click to hide stack frames")'>Click to show all stack frames</a>
<div class='stack-trace' id='stack-trace510686359'><pre>com.jayway.jsonpath.PathNotFoundException: No results for path: $[0][&apos;id&apos;]
</pre></div></td>
<td>1</td>
<td>com.crowdar.bdd.cukes.TestNGSecuencialRunner@27ce24aa</td></tr>
</table><p>
</body>
</html>